[debug] [2022-02-21T16:21:26.901Z] ----------------------------------------------------------------------
[debug] [2022-02-21T16:21:26.904Z] Command:       /usr/local/Cellar/node/15.11.0/bin/node /usr/local/bin/firebase init
[debug] [2022-02-21T16:21:26.904Z] CLI Version:   10.2.1
[debug] [2022-02-21T16:21:26.904Z] Platform:      darwin
[debug] [2022-02-21T16:21:26.904Z] Node Version:  v15.11.0
[debug] [2022-02-21T16:21:26.905Z] Time:          Mon Feb 21 2022 09:21:26 GMT-0700 (Mountain Standard Time)
[debug] [2022-02-21T16:21:26.905Z] ----------------------------------------------------------------------
[debug] 
[debug] [2022-02-21T16:21:26.911Z] > command requires scopes: ["email","openid","https://www.googleapis.com/auth/cloudplatformprojects.readonly","https://www.googleapis.com/auth/firebase","https://www.googleapis.com/auth/cloud-platform"]
[debug] [2022-02-21T16:21:26.911Z] > authorizing via signed-in user (william.short@brightcircledatascience.com)
[info] 
     ######## #### ########  ######## ########     ###     ######  ########
     ##        ##  ##     ## ##       ##     ##  ##   ##  ##       ##
     ######    ##  ########  ######   ########  #########  ######  ######
     ##        ##  ##    ##  ##       ##     ## ##     ##       ## ##
     ##       #### ##     ## ######## ########  ##     ##  ######  ########

You're about to initialize a Firebase project in this directory:

  /Users/triskele/Desktop/react_projects/near_front_end

[info] 
=== Project Setup
[info] 
[info] First, let's associate this project directory with a Firebase project.
[info] You can create multiple project aliases by running firebase use --add, 
[info] but for now we'll just set up a default project.
[info] 
[debug] [2022-02-21T16:23:34.888Z] >>> [apiv2][query] GET https://firebase.googleapis.com/v1beta1/projects pageSize=100
[debug] [2022-02-21T16:23:35.740Z] <<< [apiv2][status] GET https://firebase.googleapis.com/v1beta1/projects 200
[debug] [2022-02-21T16:23:35.741Z] <<< [apiv2][body] GET https://firebase.googleapis.com/v1beta1/projects [omitted]
[info] i  Using project nearmetabuild-hackathon (NEARmetaBUILD-Hackathon) 
[info] 
=== Hosting Setup
[info] 
[info] Your public directory is the folder (relative to your project directory) that
[info] will contain Hosting assets to be uploaded with firebase deploy. If you
[info] have a build process for your assets, use your build's output directory.
[info] 
